[DEBUG] 2024-06-15 10:27:25.387 [main] PackageRelationshipCollection - Parsing relationship: /xl/_rels/workbook.xml.rels
[DEBUG] 2024-06-15 10:27:25.404 [main] PackageRelationshipCollection - Parsing relationship: /xl/worksheets/_rels/sheet2.xml.rels
[DEBUG] 2024-06-15 10:27:25.407 [main] PackageRelationshipCollection - Parsing relationship: /xl/worksheets/_rels/sheet3.xml.rels
[DEBUG] 2024-06-15 10:27:25.409 [main] PackageRelationshipCollection - Parsing relationship: /xl/worksheets/_rels/sheet4.xml.rels
[DEBUG] 2024-06-15 10:27:25.411 [main] PackageRelationshipCollection - Parsing relationship: /xl/worksheets/_rels/sheet5.xml.rels
[DEBUG] 2024-06-15 10:27:25.413 [main] PackageRelationshipCollection - Parsing relationship: /xl/worksheets/_rels/sheet6.xml.rels
[DEBUG] 2024-06-15 10:27:25.415 [main] PackageRelationshipCollection - Parsing relationship: /xl/worksheets/_rels/sheet7.xml.rels
[DEBUG] 2024-06-15 10:27:25.418 [main] PackageRelationshipCollection - Parsing relationship: /xl/worksheets/_rels/sheet8.xml.rels
[DEBUG] 2024-06-15 10:27:25.420 [main] PackageRelationshipCollection - Parsing relationship: /xl/worksheets/_rels/sheet9.xml.rels
[DEBUG] 2024-06-15 10:27:25.422 [main] PackageRelationshipCollection - Parsing relationship: /xl/worksheets/_rels/sheet10.xml.rels
[DEBUG] 2024-06-15 10:27:25.424 [main] PackageRelationshipCollection - Parsing relationship: /xl/worksheets/_rels/sheet11.xml.rels
[DEBUG] 2024-06-15 10:27:25.426 [main] PackageRelationshipCollection - Parsing relationship: /xl/worksheets/_rels/sheet12.xml.rels
[DEBUG] 2024-06-15 10:27:25.427 [main] PackageRelationshipCollection - Parsing relationship: /xl/worksheets/_rels/sheet13.xml.rels
[DEBUG] 2024-06-15 10:27:25.430 [main] PackageRelationshipCollection - Parsing relationship: /xl/worksheets/_rels/sheet14.xml.rels
[DEBUG] 2024-06-15 10:27:25.432 [main] PackageRelationshipCollection - Parsing relationship: /xl/worksheets/_rels/sheet15.xml.rels
[DEBUG] 2024-06-15 10:27:25.434 [main] PackageRelationshipCollection - Parsing relationship: /xl/worksheets/_rels/sheet16.xml.rels
[DEBUG] 2024-06-15 10:27:25.436 [main] PackageRelationshipCollection - Parsing relationship: /xl/worksheets/_rels/sheet17.xml.rels
[DEBUG] 2024-06-15 10:27:25.438 [main] PackageRelationshipCollection - Parsing relationship: /xl/worksheets/_rels/sheet18.xml.rels
[DEBUG] 2024-06-15 10:27:25.487 [main] PackageRelationshipCollection - Parsing relationship: /_rels/.rels
[INFO ] 2024-06-15 10:27:31.480 [main] BannerTest - Clicked on HomePage Banner
[DEBUG] 2024-06-15 10:27:38.495 [main] PackageRelationshipCollection - Parsing relationship: /xl/_rels/workbook.xml.rels
[DEBUG] 2024-06-15 10:27:38.505 [main] PackageRelationshipCollection - Parsing relationship: /xl/worksheets/_rels/sheet2.xml.rels
[DEBUG] 2024-06-15 10:27:38.507 [main] PackageRelationshipCollection - Parsing relationship: /xl/worksheets/_rels/sheet3.xml.rels
[DEBUG] 2024-06-15 10:27:38.508 [main] PackageRelationshipCollection - Parsing relationship: /xl/worksheets/_rels/sheet4.xml.rels
[DEBUG] 2024-06-15 10:27:38.510 [main] PackageRelationshipCollection - Parsing relationship: /xl/worksheets/_rels/sheet5.xml.rels
[DEBUG] 2024-06-15 10:27:38.511 [main] PackageRelationshipCollection - Parsing relationship: /xl/worksheets/_rels/sheet6.xml.rels
[DEBUG] 2024-06-15 10:27:38.513 [main] PackageRelationshipCollection - Parsing relationship: /xl/worksheets/_rels/sheet7.xml.rels
[DEBUG] 2024-06-15 10:27:38.514 [main] PackageRelationshipCollection - Parsing relationship: /xl/worksheets/_rels/sheet8.xml.rels
[DEBUG] 2024-06-15 10:27:38.516 [main] PackageRelationshipCollection - Parsing relationship: /xl/worksheets/_rels/sheet9.xml.rels
[DEBUG] 2024-06-15 10:27:38.517 [main] PackageRelationshipCollection - Parsing relationship: /xl/worksheets/_rels/sheet10.xml.rels
[DEBUG] 2024-06-15 10:27:38.518 [main] PackageRelationshipCollection - Parsing relationship: /xl/worksheets/_rels/sheet11.xml.rels
[DEBUG] 2024-06-15 10:27:38.520 [main] PackageRelationshipCollection - Parsing relationship: /xl/worksheets/_rels/sheet12.xml.rels
[DEBUG] 2024-06-15 10:27:38.521 [main] PackageRelationshipCollection - Parsing relationship: /xl/worksheets/_rels/sheet13.xml.rels
[DEBUG] 2024-06-15 10:27:38.522 [main] PackageRelationshipCollection - Parsing relationship: /xl/worksheets/_rels/sheet14.xml.rels
[DEBUG] 2024-06-15 10:27:38.524 [main] PackageRelationshipCollection - Parsing relationship: /xl/worksheets/_rels/sheet15.xml.rels
[DEBUG] 2024-06-15 10:27:38.525 [main] PackageRelationshipCollection - Parsing relationship: /xl/worksheets/_rels/sheet16.xml.rels
[DEBUG] 2024-06-15 10:27:38.526 [main] PackageRelationshipCollection - Parsing relationship: /xl/worksheets/_rels/sheet17.xml.rels
[DEBUG] 2024-06-15 10:27:38.534 [main] PackageRelationshipCollection - Parsing relationship: /xl/worksheets/_rels/sheet18.xml.rels
[DEBUG] 2024-06-15 10:27:38.536 [main] PackageRelationshipCollection - Parsing relationship: /_rels/.rels
[INFO ] 2024-06-15 10:27:42.762 [main] BookFlightTest - Clicked on Travel Link
[INFO ] 2024-06-15 10:27:49.962 [main] BookFlightTest - Selected from city
[INFO ] 2024-06-15 10:27:53.100 [main] BookFlightTest - Selected to city
[ERROR] 2024-06-15 10:27:56.189 [main] BookFlightTest - Exception encountered: no such element: Unable to locate element: {"method":"xpath","selector":"//input[@class='v2VFa- k2khBy rOnAcM z2D4XG']"}
  (Session info: chrome=125.0.6422.142)
For documentation on this error, please visit: https://www.selenium.dev/documentation/webdriver/troubleshooting/errors#no-such-element-exception
Build info: version: '4.18.1', revision: 'b1d3319b48'
System info: os.name: 'Windows 10', os.arch: 'amd64', os.version: '10.0', java.version: '11.0.5'
Driver info: org.openqa.selenium.chrome.ChromeDriver
Command: [c4710a0f6db51c9256d3a0819235b305, findElement {using=xpath, value=//input[@class='v2VFa- k2khBy rOnAcM z2D4XG']}]
Capabilities {acceptInsecureCerts: false, browserName: chrome, browserVersion: 125.0.6422.142, chrome: {chromedriverVersion: 125.0.6422.141 (4b1e8393712..., userDataDir: C:\Users\MANSIG~1\AppData\L...}, fedcm:accounts: true, goog:chromeOptions: {debuggerAddress: localhost:51839}, networkConnectionEnabled: false, pageLoadStrategy: normal, platformName: windows, proxy: Proxy(), se:cdp: ws://localhost:51839/devtoo..., se:cdpVersion: 125.0.6422.142, setWindowRect: true, strictFileInteractability: false, timeouts: {implicit: 0, pageLoad: 300000, script: 30000}, unhandledPromptBehavior: dismiss and notify, webauthn:extension:credBlob: true, webauthn:extension:largeBlob: true, webauthn:extension:minPinLength: true, webauthn:extension:prf: true, webauthn:virtualAuthenticators: true}
Session ID: c4710a0f6db51c9256d3a0819235b305
[DEBUG] 2024-06-15 10:27:58.748 [main] PackageRelationshipCollection - Parsing relationship: /xl/_rels/workbook.xml.rels
[DEBUG] 2024-06-15 10:27:58.748 [main] PackageRelationshipCollection - Parsing relationship: /xl/worksheets/_rels/sheet2.xml.rels
[DEBUG] 2024-06-15 10:27:58.763 [main] PackageRelationshipCollection - Parsing relationship: /xl/worksheets/_rels/sheet3.xml.rels
[DEBUG] 2024-06-15 10:27:58.763 [main] PackageRelationshipCollection - Parsing relationship: /xl/worksheets/_rels/sheet4.xml.rels
[DEBUG] 2024-06-15 10:27:58.763 [main] PackageRelationshipCollection - Parsing relationship: /xl/worksheets/_rels/sheet5.xml.rels
[DEBUG] 2024-06-15 10:27:58.763 [main] PackageRelationshipCollection - Parsing relationship: /xl/worksheets/_rels/sheet6.xml.rels
[DEBUG] 2024-06-15 10:27:58.763 [main] PackageRelationshipCollection - Parsing relationship: /xl/worksheets/_rels/sheet7.xml.rels
[DEBUG] 2024-06-15 10:27:58.788 [main] PackageRelationshipCollection - Parsing relationship: /xl/worksheets/_rels/sheet8.xml.rels
[DEBUG] 2024-06-15 10:27:58.790 [main] PackageRelationshipCollection - Parsing relationship: /xl/worksheets/_rels/sheet9.xml.rels
[DEBUG] 2024-06-15 10:27:58.790 [main] PackageRelationshipCollection - Parsing relationship: /xl/worksheets/_rels/sheet10.xml.rels
[DEBUG] 2024-06-15 10:27:58.790 [main] PackageRelationshipCollection - Parsing relationship: /xl/worksheets/_rels/sheet11.xml.rels
[DEBUG] 2024-06-15 10:27:58.790 [main] PackageRelationshipCollection - Parsing relationship: /xl/worksheets/_rels/sheet12.xml.rels
[DEBUG] 2024-06-15 10:27:58.790 [main] PackageRelationshipCollection - Parsing relationship: /xl/worksheets/_rels/sheet13.xml.rels
[DEBUG] 2024-06-15 10:27:58.790 [main] PackageRelationshipCollection - Parsing relationship: /xl/worksheets/_rels/sheet14.xml.rels
[DEBUG] 2024-06-15 10:27:58.790 [main] PackageRelationshipCollection - Parsing relationship: /xl/worksheets/_rels/sheet15.xml.rels
[DEBUG] 2024-06-15 10:27:58.790 [main] PackageRelationshipCollection - Parsing relationship: /xl/worksheets/_rels/sheet16.xml.rels
[DEBUG] 2024-06-15 10:27:58.790 [main] PackageRelationshipCollection - Parsing relationship: /xl/worksheets/_rels/sheet17.xml.rels
[DEBUG] 2024-06-15 10:27:58.806 [main] PackageRelationshipCollection - Parsing relationship: /xl/worksheets/_rels/sheet18.xml.rels
[DEBUG] 2024-06-15 10:27:58.808 [main] PackageRelationshipCollection - Parsing relationship: /_rels/.rels
[INFO ] 2024-06-15 10:28:02.528 [main] CartTest - Clicked on Cart Button
[INFO ] 2024-06-15 10:28:05.681 [main] CartTest - Clicked on Place Order Button
[INFO ] 2024-06-15 10:28:06.188 [main] CartTest - Entered email
[DEBUG] 2024-06-15 10:28:08.683 [main] PackageRelationshipCollection - Parsing relationship: /xl/_rels/workbook.xml.rels
[DEBUG] 2024-06-15 10:28:08.685 [main] PackageRelationshipCollection - Parsing relationship: /xl/worksheets/_rels/sheet2.xml.rels
[DEBUG] 2024-06-15 10:28:08.686 [main] PackageRelationshipCollection - Parsing relationship: /xl/worksheets/_rels/sheet3.xml.rels
[DEBUG] 2024-06-15 10:28:08.689 [main] PackageRelationshipCollection - Parsing relationship: /xl/worksheets/_rels/sheet4.xml.rels
[DEBUG] 2024-06-15 10:28:08.690 [main] PackageRelationshipCollection - Parsing relationship: /xl/worksheets/_rels/sheet5.xml.rels
[DEBUG] 2024-06-15 10:28:08.691 [main] PackageRelationshipCollection - Parsing relationship: /xl/worksheets/_rels/sheet6.xml.rels
[DEBUG] 2024-06-15 10:28:08.693 [main] PackageRelationshipCollection - Parsing relationship: /xl/worksheets/_rels/sheet7.xml.rels
[DEBUG] 2024-06-15 10:28:08.694 [main] PackageRelationshipCollection - Parsing relationship: /xl/worksheets/_rels/sheet8.xml.rels
[DEBUG] 2024-06-15 10:28:08.695 [main] PackageRelationshipCollection - Parsing relationship: /xl/worksheets/_rels/sheet9.xml.rels
[DEBUG] 2024-06-15 10:28:08.697 [main] PackageRelationshipCollection - Parsing relationship: /xl/worksheets/_rels/sheet10.xml.rels
[DEBUG] 2024-06-15 10:28:08.698 [main] PackageRelationshipCollection - Parsing relationship: /xl/worksheets/_rels/sheet11.xml.rels
[DEBUG] 2024-06-15 10:28:08.699 [main] PackageRelationshipCollection - Parsing relationship: /xl/worksheets/_rels/sheet12.xml.rels
[DEBUG] 2024-06-15 10:28:08.700 [main] PackageRelationshipCollection - Parsing relationship: /xl/worksheets/_rels/sheet13.xml.rels
[DEBUG] 2024-06-15 10:28:08.702 [main] PackageRelationshipCollection - Parsing relationship: /xl/worksheets/_rels/sheet14.xml.rels
[DEBUG] 2024-06-15 10:28:08.704 [main] PackageRelationshipCollection - Parsing relationship: /xl/worksheets/_rels/sheet15.xml.rels
[DEBUG] 2024-06-15 10:28:08.706 [main] PackageRelationshipCollection - Parsing relationship: /xl/worksheets/_rels/sheet16.xml.rels
[DEBUG] 2024-06-15 10:28:08.708 [main] PackageRelationshipCollection - Parsing relationship: /xl/worksheets/_rels/sheet17.xml.rels
[DEBUG] 2024-06-15 10:28:08.709 [main] PackageRelationshipCollection - Parsing relationship: /xl/worksheets/_rels/sheet18.xml.rels
[DEBUG] 2024-06-15 10:28:08.711 [main] PackageRelationshipCollection - Parsing relationship: /_rels/.rels
[INFO ] 2024-06-15 10:28:12.361 [main] CompareTest - Clicked on compare CheckBox
[INFO ] 2024-06-15 10:28:14.139 [main] CompareTest - Opened another phone to add to compare list
[INFO ] 2024-06-15 10:28:14.236 [main] CompareTest - Clicked on compare CheckBox
[INFO ] 2024-06-15 10:28:14.380 [main] CompareTest - Opened Compare Page
[DEBUG] 2024-06-15 10:28:20.982 [main] PackageRelationshipCollection - Parsing relationship: /xl/_rels/workbook.xml.rels
[DEBUG] 2024-06-15 10:28:20.986 [main] PackageRelationshipCollection - Parsing relationship: /xl/worksheets/_rels/sheet2.xml.rels
[DEBUG] 2024-06-15 10:28:20.986 [main] PackageRelationshipCollection - Parsing relationship: /xl/worksheets/_rels/sheet3.xml.rels
[DEBUG] 2024-06-15 10:28:20.986 [main] PackageRelationshipCollection - Parsing relationship: /xl/worksheets/_rels/sheet4.xml.rels
[DEBUG] 2024-06-15 10:28:20.986 [main] PackageRelationshipCollection - Parsing relationship: /xl/worksheets/_rels/sheet5.xml.rels
[DEBUG] 2024-06-15 10:28:20.986 [main] PackageRelationshipCollection - Parsing relationship: /xl/worksheets/_rels/sheet6.xml.rels
[DEBUG] 2024-06-15 10:28:20.986 [main] PackageRelationshipCollection - Parsing relationship: /xl/worksheets/_rels/sheet7.xml.rels
[DEBUG] 2024-06-15 10:28:20.994 [main] PackageRelationshipCollection - Parsing relationship: /xl/worksheets/_rels/sheet8.xml.rels
[DEBUG] 2024-06-15 10:28:20.996 [main] PackageRelationshipCollection - Parsing relationship: /xl/worksheets/_rels/sheet9.xml.rels
[DEBUG] 2024-06-15 10:28:20.997 [main] PackageRelationshipCollection - Parsing relationship: /xl/worksheets/_rels/sheet10.xml.rels
[DEBUG] 2024-06-15 10:28:20.998 [main] PackageRelationshipCollection - Parsing relationship: /xl/worksheets/_rels/sheet11.xml.rels
[DEBUG] 2024-06-15 10:28:20.999 [main] PackageRelationshipCollection - Parsing relationship: /xl/worksheets/_rels/sheet12.xml.rels
[DEBUG] 2024-06-15 10:28:21.001 [main] PackageRelationshipCollection - Parsing relationship: /xl/worksheets/_rels/sheet13.xml.rels
[DEBUG] 2024-06-15 10:28:21.003 [main] PackageRelationshipCollection - Parsing relationship: /xl/worksheets/_rels/sheet14.xml.rels
[DEBUG] 2024-06-15 10:28:21.004 [main] PackageRelationshipCollection - Parsing relationship: /xl/worksheets/_rels/sheet15.xml.rels
[DEBUG] 2024-06-15 10:28:21.005 [main] PackageRelationshipCollection - Parsing relationship: /xl/worksheets/_rels/sheet16.xml.rels
[DEBUG] 2024-06-15 10:28:21.010 [main] PackageRelationshipCollection - Parsing relationship: /xl/worksheets/_rels/sheet17.xml.rels
[DEBUG] 2024-06-15 10:28:21.011 [main] PackageRelationshipCollection - Parsing relationship: /xl/worksheets/_rels/sheet18.xml.rels
[DEBUG] 2024-06-15 10:28:21.013 [main] PackageRelationshipCollection - Parsing relationship: /_rels/.rels
[INFO ] 2024-06-15 10:28:27.800 [main] CustomerCareTest - Navigated to Customer Care Page
[DEBUG] 2024-06-15 10:28:30.275 [main] PackageRelationshipCollection - Parsing relationship: /xl/_rels/workbook.xml.rels
[DEBUG] 2024-06-15 10:28:30.277 [main] PackageRelationshipCollection - Parsing relationship: /xl/worksheets/_rels/sheet2.xml.rels
[DEBUG] 2024-06-15 10:28:30.279 [main] PackageRelationshipCollection - Parsing relationship: /xl/worksheets/_rels/sheet3.xml.rels
[DEBUG] 2024-06-15 10:28:30.280 [main] PackageRelationshipCollection - Parsing relationship: /xl/worksheets/_rels/sheet4.xml.rels
[DEBUG] 2024-06-15 10:28:30.282 [main] PackageRelationshipCollection - Parsing relationship: /xl/worksheets/_rels/sheet5.xml.rels
[DEBUG] 2024-06-15 10:28:30.283 [main] PackageRelationshipCollection - Parsing relationship: /xl/worksheets/_rels/sheet6.xml.rels
[DEBUG] 2024-06-15 10:28:30.285 [main] PackageRelationshipCollection - Parsing relationship: /xl/worksheets/_rels/sheet7.xml.rels
[DEBUG] 2024-06-15 10:28:30.286 [main] PackageRelationshipCollection - Parsing relationship: /xl/worksheets/_rels/sheet8.xml.rels
[DEBUG] 2024-06-15 10:28:30.287 [main] PackageRelationshipCollection - Parsing relationship: /xl/worksheets/_rels/sheet9.xml.rels
[DEBUG] 2024-06-15 10:28:30.288 [main] PackageRelationshipCollection - Parsing relationship: /xl/worksheets/_rels/sheet10.xml.rels
[DEBUG] 2024-06-15 10:28:30.289 [main] PackageRelationshipCollection - Parsing relationship: /xl/worksheets/_rels/sheet11.xml.rels
[DEBUG] 2024-06-15 10:28:30.291 [main] PackageRelationshipCollection - Parsing relationship: /xl/worksheets/_rels/sheet12.xml.rels
[DEBUG] 2024-06-15 10:28:30.292 [main] PackageRelationshipCollection - Parsing relationship: /xl/worksheets/_rels/sheet13.xml.rels
[DEBUG] 2024-06-15 10:28:30.293 [main] PackageRelationshipCollection - Parsing relationship: /xl/worksheets/_rels/sheet14.xml.rels
[DEBUG] 2024-06-15 10:28:30.294 [main] PackageRelationshipCollection - Parsing relationship: /xl/worksheets/_rels/sheet15.xml.rels
[DEBUG] 2024-06-15 10:28:30.295 [main] PackageRelationshipCollection - Parsing relationship: /xl/worksheets/_rels/sheet16.xml.rels
[DEBUG] 2024-06-15 10:28:30.296 [main] PackageRelationshipCollection - Parsing relationship: /xl/worksheets/_rels/sheet17.xml.rels
[DEBUG] 2024-06-15 10:28:30.298 [main] PackageRelationshipCollection - Parsing relationship: /xl/worksheets/_rels/sheet18.xml.rels
[DEBUG] 2024-06-15 10:28:30.300 [main] PackageRelationshipCollection - Parsing relationship: /_rels/.rels
[INFO ] 2024-06-15 10:28:45.289 [main] DownloadTest - Navigated to Seller Page
[INFO ] 2024-06-15 10:28:46.729 [main] DownloadTest - Navigated to Shopsy Store
[INFO ] 2024-06-15 10:28:47.034 [main] DownloadTest - Downloaded Kit
[INFO ] 2024-06-15 10:28:47.141 [main] DownloadTest - Handled Pop Up
[INFO ] 2024-06-15 10:28:47.170 [main] DownloadTest - Navigated to the Top
[DEBUG] 2024-06-15 10:28:53.269 [main] PackageRelationshipCollection - Parsing relationship: /xl/_rels/workbook.xml.rels
[DEBUG] 2024-06-15 10:28:53.286 [main] PackageRelationshipCollection - Parsing relationship: /xl/worksheets/_rels/sheet2.xml.rels
[DEBUG] 2024-06-15 10:28:53.286 [main] PackageRelationshipCollection - Parsing relationship: /xl/worksheets/_rels/sheet3.xml.rels
[DEBUG] 2024-06-15 10:28:53.287 [main] PackageRelationshipCollection - Parsing relationship: /xl/worksheets/_rels/sheet4.xml.rels
[DEBUG] 2024-06-15 10:28:53.287 [main] PackageRelationshipCollection - Parsing relationship: /xl/worksheets/_rels/sheet5.xml.rels
[DEBUG] 2024-06-15 10:28:53.287 [main] PackageRelationshipCollection - Parsing relationship: /xl/worksheets/_rels/sheet6.xml.rels
[DEBUG] 2024-06-15 10:28:53.287 [main] PackageRelationshipCollection - Parsing relationship: /xl/worksheets/_rels/sheet7.xml.rels
[DEBUG] 2024-06-15 10:28:53.287 [main] PackageRelationshipCollection - Parsing relationship: /xl/worksheets/_rels/sheet8.xml.rels
[DEBUG] 2024-06-15 10:28:53.287 [main] PackageRelationshipCollection - Parsing relationship: /xl/worksheets/_rels/sheet9.xml.rels
[DEBUG] 2024-06-15 10:28:53.287 [main] PackageRelationshipCollection - Parsing relationship: /xl/worksheets/_rels/sheet10.xml.rels
[DEBUG] 2024-06-15 10:28:53.296 [main] PackageRelationshipCollection - Parsing relationship: /xl/worksheets/_rels/sheet11.xml.rels
[DEBUG] 2024-06-15 10:28:53.296 [main] PackageRelationshipCollection - Parsing relationship: /xl/worksheets/_rels/sheet12.xml.rels
[DEBUG] 2024-06-15 10:28:53.297 [main] PackageRelationshipCollection - Parsing relationship: /xl/worksheets/_rels/sheet13.xml.rels
[DEBUG] 2024-06-15 10:28:53.304 [main] PackageRelationshipCollection - Parsing relationship: /xl/worksheets/_rels/sheet14.xml.rels
[DEBUG] 2024-06-15 10:28:53.306 [main] PackageRelationshipCollection - Parsing relationship: /xl/worksheets/_rels/sheet15.xml.rels
[DEBUG] 2024-06-15 10:28:53.308 [main] PackageRelationshipCollection - Parsing relationship: /xl/worksheets/_rels/sheet16.xml.rels
[DEBUG] 2024-06-15 10:28:53.309 [main] PackageRelationshipCollection - Parsing relationship: /xl/worksheets/_rels/sheet17.xml.rels
[DEBUG] 2024-06-15 10:28:53.310 [main] PackageRelationshipCollection - Parsing relationship: /xl/worksheets/_rels/sheet18.xml.rels
[DEBUG] 2024-06-15 10:28:53.311 [main] PackageRelationshipCollection - Parsing relationship: /_rels/.rels
[INFO ] 2024-06-15 10:28:57.443 [main] ExchangeTest - Entered Pincode
[INFO ] 2024-06-15 10:29:00.590 [main] ExchangeTest - Clicked exchange Button
[ERROR] 2024-06-15 10:29:03.881 [main] ExchangeTest - Test failed
[DEBUG] 2024-06-15 10:29:06.442 [main] PackageRelationshipCollection - Parsing relationship: /xl/_rels/workbook.xml.rels
[DEBUG] 2024-06-15 10:29:06.444 [main] PackageRelationshipCollection - Parsing relationship: /xl/worksheets/_rels/sheet2.xml.rels
[DEBUG] 2024-06-15 10:29:06.446 [main] PackageRelationshipCollection - Parsing relationship: /xl/worksheets/_rels/sheet3.xml.rels
[DEBUG] 2024-06-15 10:29:06.454 [main] PackageRelationshipCollection - Parsing relationship: /xl/worksheets/_rels/sheet4.xml.rels
[DEBUG] 2024-06-15 10:29:06.457 [main] PackageRelationshipCollection - Parsing relationship: /xl/worksheets/_rels/sheet5.xml.rels
[DEBUG] 2024-06-15 10:29:06.457 [main] PackageRelationshipCollection - Parsing relationship: /xl/worksheets/_rels/sheet6.xml.rels
[DEBUG] 2024-06-15 10:29:06.459 [main] PackageRelationshipCollection - Parsing relationship: /xl/worksheets/_rels/sheet7.xml.rels
[DEBUG] 2024-06-15 10:29:06.459 [main] PackageRelationshipCollection - Parsing relationship: /xl/worksheets/_rels/sheet8.xml.rels
[DEBUG] 2024-06-15 10:29:06.460 [main] PackageRelationshipCollection - Parsing relationship: /xl/worksheets/_rels/sheet9.xml.rels
[DEBUG] 2024-06-15 10:29:06.460 [main] PackageRelationshipCollection - Parsing relationship: /xl/worksheets/_rels/sheet10.xml.rels
[DEBUG] 2024-06-15 10:29:06.462 [main] PackageRelationshipCollection - Parsing relationship: /xl/worksheets/_rels/sheet11.xml.rels
[DEBUG] 2024-06-15 10:29:06.463 [main] PackageRelationshipCollection - Parsing relationship: /xl/worksheets/_rels/sheet12.xml.rels
[DEBUG] 2024-06-15 10:29:06.464 [main] PackageRelationshipCollection - Parsing relationship: /xl/worksheets/_rels/sheet13.xml.rels
[DEBUG] 2024-06-15 10:29:06.465 [main] PackageRelationshipCollection - Parsing relationship: /xl/worksheets/_rels/sheet14.xml.rels
[DEBUG] 2024-06-15 10:29:06.466 [main] PackageRelationshipCollection - Parsing relationship: /xl/worksheets/_rels/sheet15.xml.rels
[DEBUG] 2024-06-15 10:29:06.467 [main] PackageRelationshipCollection - Parsing relationship: /xl/worksheets/_rels/sheet16.xml.rels
[DEBUG] 2024-06-15 10:29:06.468 [main] PackageRelationshipCollection - Parsing relationship: /xl/worksheets/_rels/sheet17.xml.rels
[DEBUG] 2024-06-15 10:29:06.468 [main] PackageRelationshipCollection - Parsing relationship: /xl/worksheets/_rels/sheet18.xml.rels
[DEBUG] 2024-06-15 10:29:06.468 [main] PackageRelationshipCollection - Parsing relationship: /_rels/.rels
[INFO ] 2024-06-15 10:29:09.576 [main] FilterTest - Clicked on HomePage Banner
[DEBUG] 2024-06-15 10:29:13.606 [main] PackageRelationshipCollection - Parsing relationship: /xl/_rels/workbook.xml.rels
[DEBUG] 2024-06-15 10:29:13.607 [main] PackageRelationshipCollection - Parsing relationship: /xl/worksheets/_rels/sheet2.xml.rels
[DEBUG] 2024-06-15 10:29:13.608 [main] PackageRelationshipCollection - Parsing relationship: /xl/worksheets/_rels/sheet3.xml.rels
[DEBUG] 2024-06-15 10:29:13.611 [main] PackageRelationshipCollection - Parsing relationship: /xl/worksheets/_rels/sheet4.xml.rels
[DEBUG] 2024-06-15 10:29:13.612 [main] PackageRelationshipCollection - Parsing relationship: /xl/worksheets/_rels/sheet5.xml.rels
[DEBUG] 2024-06-15 10:29:13.613 [main] PackageRelationshipCollection - Parsing relationship: /xl/worksheets/_rels/sheet6.xml.rels
[DEBUG] 2024-06-15 10:29:13.614 [main] PackageRelationshipCollection - Parsing relationship: /xl/worksheets/_rels/sheet7.xml.rels
[DEBUG] 2024-06-15 10:29:13.614 [main] PackageRelationshipCollection - Parsing relationship: /xl/worksheets/_rels/sheet8.xml.rels
[DEBUG] 2024-06-15 10:29:13.615 [main] PackageRelationshipCollection - Parsing relationship: /xl/worksheets/_rels/sheet9.xml.rels
[DEBUG] 2024-06-15 10:29:13.616 [main] PackageRelationshipCollection - Parsing relationship: /xl/worksheets/_rels/sheet10.xml.rels
[DEBUG] 2024-06-15 10:29:13.616 [main] PackageRelationshipCollection - Parsing relationship: /xl/worksheets/_rels/sheet11.xml.rels
[DEBUG] 2024-06-15 10:29:13.617 [main] PackageRelationshipCollection - Parsing relationship: /xl/worksheets/_rels/sheet12.xml.rels
[DEBUG] 2024-06-15 10:29:13.617 [main] PackageRelationshipCollection - Parsing relationship: /xl/worksheets/_rels/sheet13.xml.rels
[DEBUG] 2024-06-15 10:29:13.618 [main] PackageRelationshipCollection - Parsing relationship: /xl/worksheets/_rels/sheet14.xml.rels
[DEBUG] 2024-06-15 10:29:13.618 [main] PackageRelationshipCollection - Parsing relationship: /xl/worksheets/_rels/sheet15.xml.rels
[DEBUG] 2024-06-15 10:29:13.619 [main] PackageRelationshipCollection - Parsing relationship: /xl/worksheets/_rels/sheet16.xml.rels
[DEBUG] 2024-06-15 10:29:13.619 [main] PackageRelationshipCollection - Parsing relationship: /xl/worksheets/_rels/sheet17.xml.rels
[DEBUG] 2024-06-15 10:29:13.620 [main] PackageRelationshipCollection - Parsing relationship: /xl/worksheets/_rels/sheet18.xml.rels
[DEBUG] 2024-06-15 10:29:13.620 [main] PackageRelationshipCollection - Parsing relationship: /_rels/.rels
[INFO ] 2024-06-15 10:29:14.170 [main] FilterTest - Applied Min Price Filter
[INFO ] 2024-06-15 10:29:16.314 [main] FilterTest - Applied Brand Filter
[DEBUG] 2024-06-15 10:29:20.720 [main] PackageRelationshipCollection - Parsing relationship: /xl/_rels/workbook.xml.rels
[DEBUG] 2024-06-15 10:29:20.722 [main] PackageRelationshipCollection - Parsing relationship: /xl/worksheets/_rels/sheet2.xml.rels
[DEBUG] 2024-06-15 10:29:20.723 [main] PackageRelationshipCollection - Parsing relationship: /xl/worksheets/_rels/sheet3.xml.rels
[DEBUG] 2024-06-15 10:29:20.724 [main] PackageRelationshipCollection - Parsing relationship: /xl/worksheets/_rels/sheet4.xml.rels
[DEBUG] 2024-06-15 10:29:20.727 [main] PackageRelationshipCollection - Parsing relationship: /xl/worksheets/_rels/sheet5.xml.rels
[DEBUG] 2024-06-15 10:29:20.727 [main] PackageRelationshipCollection - Parsing relationship: /xl/worksheets/_rels/sheet6.xml.rels
[DEBUG] 2024-06-15 10:29:20.728 [main] PackageRelationshipCollection - Parsing relationship: /xl/worksheets/_rels/sheet7.xml.rels
[DEBUG] 2024-06-15 10:29:20.731 [main] PackageRelationshipCollection - Parsing relationship: /xl/worksheets/_rels/sheet8.xml.rels
[DEBUG] 2024-06-15 10:29:20.731 [main] PackageRelationshipCollection - Parsing relationship: /xl/worksheets/_rels/sheet9.xml.rels
[DEBUG] 2024-06-15 10:29:20.732 [main] PackageRelationshipCollection - Parsing relationship: /xl/worksheets/_rels/sheet10.xml.rels
[DEBUG] 2024-06-15 10:29:20.733 [main] PackageRelationshipCollection - Parsing relationship: /xl/worksheets/_rels/sheet11.xml.rels
[DEBUG] 2024-06-15 10:29:20.735 [main] PackageRelationshipCollection - Parsing relationship: /xl/worksheets/_rels/sheet12.xml.rels
[DEBUG] 2024-06-15 10:29:20.735 [main] PackageRelationshipCollection - Parsing relationship: /xl/worksheets/_rels/sheet13.xml.rels
[DEBUG] 2024-06-15 10:29:20.737 [main] PackageRelationshipCollection - Parsing relationship: /xl/worksheets/_rels/sheet14.xml.rels
[DEBUG] 2024-06-15 10:29:20.738 [main] PackageRelationshipCollection - Parsing relationship: /xl/worksheets/_rels/sheet15.xml.rels
[DEBUG] 2024-06-15 10:29:20.740 [main] PackageRelationshipCollection - Parsing relationship: /xl/worksheets/_rels/sheet16.xml.rels
[DEBUG] 2024-06-15 10:29:20.742 [main] PackageRelationshipCollection - Parsing relationship: /xl/worksheets/_rels/sheet17.xml.rels
[DEBUG] 2024-06-15 10:29:20.744 [main] PackageRelationshipCollection - Parsing relationship: /xl/worksheets/_rels/sheet18.xml.rels
[DEBUG] 2024-06-15 10:29:20.749 [main] PackageRelationshipCollection - Parsing relationship: /_rels/.rels
[INFO ] 2024-06-15 10:29:24.330 [main] GiftcardTest - Navigated to Giftcard Creation Page
[INFO ] 2024-06-15 10:29:24.687 [main] GiftcardTest - Entered Email
[INFO ] 2024-06-15 10:29:24.904 [main] GiftcardTest - Entered Name
[INFO ] 2024-06-15 10:29:25.212 [main] GiftcardTest - Selected Voucher value
[INFO ] 2024-06-15 10:29:28.045 [main] GiftcardTest - Clicked on Buy Voucher button
[DEBUG] 2024-06-15 10:29:30.900 [main] PackageRelationshipCollection - Parsing relationship: /xl/_rels/workbook.xml.rels
[DEBUG] 2024-06-15 10:29:30.920 [main] PackageRelationshipCollection - Parsing relationship: /xl/worksheets/_rels/sheet2.xml.rels
[DEBUG] 2024-06-15 10:29:30.924 [main] PackageRelationshipCollection - Parsing relationship: /xl/worksheets/_rels/sheet3.xml.rels
[DEBUG] 2024-06-15 10:29:30.927 [main] PackageRelationshipCollection - Parsing relationship: /xl/worksheets/_rels/sheet4.xml.rels
[DEBUG] 2024-06-15 10:29:30.928 [main] PackageRelationshipCollection - Parsing relationship: /xl/worksheets/_rels/sheet5.xml.rels
[DEBUG] 2024-06-15 10:29:30.930 [main] PackageRelationshipCollection - Parsing relationship: /xl/worksheets/_rels/sheet6.xml.rels
[DEBUG] 2024-06-15 10:29:30.932 [main] PackageRelationshipCollection - Parsing relationship: /xl/worksheets/_rels/sheet7.xml.rels
[DEBUG] 2024-06-15 10:29:30.933 [main] PackageRelationshipCollection - Parsing relationship: /xl/worksheets/_rels/sheet8.xml.rels
[DEBUG] 2024-06-15 10:29:30.934 [main] PackageRelationshipCollection - Parsing relationship: /xl/worksheets/_rels/sheet9.xml.rels
[DEBUG] 2024-06-15 10:29:30.935 [main] PackageRelationshipCollection - Parsing relationship: /xl/worksheets/_rels/sheet10.xml.rels
[DEBUG] 2024-06-15 10:29:30.939 [main] PackageRelationshipCollection - Parsing relationship: /xl/worksheets/_rels/sheet11.xml.rels
[DEBUG] 2024-06-15 10:29:30.940 [main] PackageRelationshipCollection - Parsing relationship: /xl/worksheets/_rels/sheet12.xml.rels
[DEBUG] 2024-06-15 10:29:30.941 [main] PackageRelationshipCollection - Parsing relationship: /xl/worksheets/_rels/sheet13.xml.rels
[DEBUG] 2024-06-15 10:29:30.942 [main] PackageRelationshipCollection - Parsing relationship: /xl/worksheets/_rels/sheet14.xml.rels
[DEBUG] 2024-06-15 10:29:30.943 [main] PackageRelationshipCollection - Parsing relationship: /xl/worksheets/_rels/sheet15.xml.rels
[DEBUG] 2024-06-15 10:29:30.944 [main] PackageRelationshipCollection - Parsing relationship: /xl/worksheets/_rels/sheet16.xml.rels
[DEBUG] 2024-06-15 10:29:30.946 [main] PackageRelationshipCollection - Parsing relationship: /xl/worksheets/_rels/sheet17.xml.rels
[DEBUG] 2024-06-15 10:29:30.947 [main] PackageRelationshipCollection - Parsing relationship: /xl/worksheets/_rels/sheet18.xml.rels
[DEBUG] 2024-06-15 10:29:30.947 [main] PackageRelationshipCollection - Parsing relationship: /_rels/.rels
[INFO ] 2024-06-15 10:29:36.658 [main] GroceryTest - Navigated to Grocery Store
[INFO ] 2024-06-15 10:29:36.987 [main] GroceryTest - Entered pincode to check service availability
[DEBUG] 2024-06-15 10:29:41.046 [main] PackageRelationshipCollection - Parsing relationship: /xl/_rels/workbook.xml.rels
[DEBUG] 2024-06-15 10:29:41.047 [main] PackageRelationshipCollection - Parsing relationship: /xl/worksheets/_rels/sheet2.xml.rels
[DEBUG] 2024-06-15 10:29:41.048 [main] PackageRelationshipCollection - Parsing relationship: /xl/worksheets/_rels/sheet3.xml.rels
[DEBUG] 2024-06-15 10:29:41.049 [main] PackageRelationshipCollection - Parsing relationship: /xl/worksheets/_rels/sheet4.xml.rels
[DEBUG] 2024-06-15 10:29:41.053 [main] PackageRelationshipCollection - Parsing relationship: /xl/worksheets/_rels/sheet5.xml.rels
[DEBUG] 2024-06-15 10:29:41.055 [main] PackageRelationshipCollection - Parsing relationship: /xl/worksheets/_rels/sheet6.xml.rels
[DEBUG] 2024-06-15 10:29:41.056 [main] PackageRelationshipCollection - Parsing relationship: /xl/worksheets/_rels/sheet7.xml.rels
[DEBUG] 2024-06-15 10:29:41.057 [main] PackageRelationshipCollection - Parsing relationship: /xl/worksheets/_rels/sheet8.xml.rels
[DEBUG] 2024-06-15 10:29:41.058 [main] PackageRelationshipCollection - Parsing relationship: /xl/worksheets/_rels/sheet9.xml.rels
[DEBUG] 2024-06-15 10:29:41.059 [main] PackageRelationshipCollection - Parsing relationship: /xl/worksheets/_rels/sheet10.xml.rels
[DEBUG] 2024-06-15 10:29:41.060 [main] PackageRelationshipCollection - Parsing relationship: /xl/worksheets/_rels/sheet11.xml.rels
[DEBUG] 2024-06-15 10:29:41.061 [main] PackageRelationshipCollection - Parsing relationship: /xl/worksheets/_rels/sheet12.xml.rels
[DEBUG] 2024-06-15 10:29:41.063 [main] PackageRelationshipCollection - Parsing relationship: /xl/worksheets/_rels/sheet13.xml.rels
[DEBUG] 2024-06-15 10:29:41.064 [main] PackageRelationshipCollection - Parsing relationship: /xl/worksheets/_rels/sheet14.xml.rels
[DEBUG] 2024-06-15 10:29:41.071 [main] PackageRelationshipCollection - Parsing relationship: /xl/worksheets/_rels/sheet15.xml.rels
[DEBUG] 2024-06-15 10:29:41.078 [main] PackageRelationshipCollection - Parsing relationship: /xl/worksheets/_rels/sheet16.xml.rels
[DEBUG] 2024-06-15 10:29:41.079 [main] PackageRelationshipCollection - Parsing relationship: /xl/worksheets/_rels/sheet17.xml.rels
[DEBUG] 2024-06-15 10:29:41.080 [main] PackageRelationshipCollection - Parsing relationship: /xl/worksheets/_rels/sheet18.xml.rels
[DEBUG] 2024-06-15 10:29:41.080 [main] PackageRelationshipCollection - Parsing relationship: /_rels/.rels
[INFO ] 2024-06-15 10:29:46.071 [main] GroupCompanyTest - Navigated to group company
[DEBUG] 2024-06-15 10:29:53.172 [main] PackageRelationshipCollection - Parsing relationship: /xl/_rels/workbook.xml.rels
[DEBUG] 2024-06-15 10:29:53.175 [main] PackageRelationshipCollection - Parsing relationship: /xl/worksheets/_rels/sheet2.xml.rels
[DEBUG] 2024-06-15 10:29:53.176 [main] PackageRelationshipCollection - Parsing relationship: /xl/worksheets/_rels/sheet3.xml.rels
[DEBUG] 2024-06-15 10:29:53.177 [main] PackageRelationshipCollection - Parsing relationship: /xl/worksheets/_rels/sheet4.xml.rels
[DEBUG] 2024-06-15 10:29:53.178 [main] PackageRelationshipCollection - Parsing relationship: /xl/worksheets/_rels/sheet5.xml.rels
[DEBUG] 2024-06-15 10:29:53.179 [main] PackageRelationshipCollection - Parsing relationship: /xl/worksheets/_rels/sheet6.xml.rels
[DEBUG] 2024-06-15 10:29:53.180 [main] PackageRelationshipCollection - Parsing relationship: /xl/worksheets/_rels/sheet7.xml.rels
[DEBUG] 2024-06-15 10:29:53.181 [main] PackageRelationshipCollection - Parsing relationship: /xl/worksheets/_rels/sheet8.xml.rels
[DEBUG] 2024-06-15 10:29:53.182 [main] PackageRelationshipCollection - Parsing relationship: /xl/worksheets/_rels/sheet9.xml.rels
[DEBUG] 2024-06-15 10:29:53.183 [main] PackageRelationshipCollection - Parsing relationship: /xl/worksheets/_rels/sheet10.xml.rels
[DEBUG] 2024-06-15 10:29:53.183 [main] PackageRelationshipCollection - Parsing relationship: /xl/worksheets/_rels/sheet11.xml.rels
[DEBUG] 2024-06-15 10:29:53.184 [main] PackageRelationshipCollection - Parsing relationship: /xl/worksheets/_rels/sheet12.xml.rels
[DEBUG] 2024-06-15 10:29:53.185 [main] PackageRelationshipCollection - Parsing relationship: /xl/worksheets/_rels/sheet13.xml.rels
[DEBUG] 2024-06-15 10:29:53.187 [main] PackageRelationshipCollection - Parsing relationship: /xl/worksheets/_rels/sheet14.xml.rels
[DEBUG] 2024-06-15 10:29:53.188 [main] PackageRelationshipCollection - Parsing relationship: /xl/worksheets/_rels/sheet15.xml.rels
[DEBUG] 2024-06-15 10:29:53.189 [main] PackageRelationshipCollection - Parsing relationship: /xl/worksheets/_rels/sheet16.xml.rels
[DEBUG] 2024-06-15 10:29:53.189 [main] PackageRelationshipCollection - Parsing relationship: /xl/worksheets/_rels/sheet17.xml.rels
[DEBUG] 2024-06-15 10:29:53.190 [main] PackageRelationshipCollection - Parsing relationship: /xl/worksheets/_rels/sheet18.xml.rels
[DEBUG] 2024-06-15 10:29:53.191 [main] PackageRelationshipCollection - Parsing relationship: /_rels/.rels
[INFO ] 2024-06-15 10:30:00.189 [main] LoginTest - Clicked on Login Button
[INFO ] 2024-06-15 10:30:00.634 [main] LoginTest - Entered Phone Number
[DEBUG] 2024-06-15 10:30:04.032 [main] PackageRelationshipCollection - Parsing relationship: /xl/_rels/workbook.xml.rels
[DEBUG] 2024-06-15 10:30:04.034 [main] PackageRelationshipCollection - Parsing relationship: /xl/worksheets/_rels/sheet2.xml.rels
[DEBUG] 2024-06-15 10:30:04.035 [main] PackageRelationshipCollection - Parsing relationship: /xl/worksheets/_rels/sheet3.xml.rels
[DEBUG] 2024-06-15 10:30:04.035 [main] PackageRelationshipCollection - Parsing relationship: /xl/worksheets/_rels/sheet4.xml.rels
[DEBUG] 2024-06-15 10:30:04.036 [main] PackageRelationshipCollection - Parsing relationship: /xl/worksheets/_rels/sheet5.xml.rels
[DEBUG] 2024-06-15 10:30:04.038 [main] PackageRelationshipCollection - Parsing relationship: /xl/worksheets/_rels/sheet6.xml.rels
[DEBUG] 2024-06-15 10:30:04.038 [main] PackageRelationshipCollection - Parsing relationship: /xl/worksheets/_rels/sheet7.xml.rels
[DEBUG] 2024-06-15 10:30:04.039 [main] PackageRelationshipCollection - Parsing relationship: /xl/worksheets/_rels/sheet8.xml.rels
[DEBUG] 2024-06-15 10:30:04.040 [main] PackageRelationshipCollection - Parsing relationship: /xl/worksheets/_rels/sheet9.xml.rels
[DEBUG] 2024-06-15 10:30:04.041 [main] PackageRelationshipCollection - Parsing relationship: /xl/worksheets/_rels/sheet10.xml.rels
[DEBUG] 2024-06-15 10:30:04.042 [main] PackageRelationshipCollection - Parsing relationship: /xl/worksheets/_rels/sheet11.xml.rels
[DEBUG] 2024-06-15 10:30:04.043 [main] PackageRelationshipCollection - Parsing relationship: /xl/worksheets/_rels/sheet12.xml.rels
[DEBUG] 2024-06-15 10:30:04.043 [main] PackageRelationshipCollection - Parsing relationship: /xl/worksheets/_rels/sheet13.xml.rels
[DEBUG] 2024-06-15 10:30:04.044 [main] PackageRelationshipCollection - Parsing relationship: /xl/worksheets/_rels/sheet14.xml.rels
[DEBUG] 2024-06-15 10:30:04.045 [main] PackageRelationshipCollection - Parsing relationship: /xl/worksheets/_rels/sheet15.xml.rels
[DEBUG] 2024-06-15 10:30:04.046 [main] PackageRelationshipCollection - Parsing relationship: /xl/worksheets/_rels/sheet16.xml.rels
[DEBUG] 2024-06-15 10:30:04.047 [main] PackageRelationshipCollection - Parsing relationship: /xl/worksheets/_rels/sheet17.xml.rels
[DEBUG] 2024-06-15 10:30:04.048 [main] PackageRelationshipCollection - Parsing relationship: /xl/worksheets/_rels/sheet18.xml.rels
[DEBUG] 2024-06-15 10:30:04.050 [main] PackageRelationshipCollection - Parsing relationship: /_rels/.rels
[INFO ] 2024-06-15 10:30:09.304 [main] NavigationTest - Clicked on Home&Furniture Page Banner
[INFO ] 2024-06-15 10:30:09.483 [main] NavigationTest - Navigated to the OfferZone Top Deals
[DEBUG] 2024-06-15 10:30:15.923 [main] PackageRelationshipCollection - Parsing relationship: /xl/_rels/workbook.xml.rels
[DEBUG] 2024-06-15 10:30:15.925 [main] PackageRelationshipCollection - Parsing relationship: /xl/worksheets/_rels/sheet2.xml.rels
[DEBUG] 2024-06-15 10:30:15.925 [main] PackageRelationshipCollection - Parsing relationship: /xl/worksheets/_rels/sheet3.xml.rels
[DEBUG] 2024-06-15 10:30:15.926 [main] PackageRelationshipCollection - Parsing relationship: /xl/worksheets/_rels/sheet4.xml.rels
[DEBUG] 2024-06-15 10:30:15.927 [main] PackageRelationshipCollection - Parsing relationship: /xl/worksheets/_rels/sheet5.xml.rels
[DEBUG] 2024-06-15 10:30:15.928 [main] PackageRelationshipCollection - Parsing relationship: /xl/worksheets/_rels/sheet6.xml.rels
[DEBUG] 2024-06-15 10:30:15.929 [main] PackageRelationshipCollection - Parsing relationship: /xl/worksheets/_rels/sheet7.xml.rels
[DEBUG] 2024-06-15 10:30:15.931 [main] PackageRelationshipCollection - Parsing relationship: /xl/worksheets/_rels/sheet8.xml.rels
[DEBUG] 2024-06-15 10:30:15.933 [main] PackageRelationshipCollection - Parsing relationship: /xl/worksheets/_rels/sheet9.xml.rels
[DEBUG] 2024-06-15 10:30:15.934 [main] PackageRelationshipCollection - Parsing relationship: /xl/worksheets/_rels/sheet10.xml.rels
[DEBUG] 2024-06-15 10:30:15.935 [main] PackageRelationshipCollection - Parsing relationship: /xl/worksheets/_rels/sheet11.xml.rels
[DEBUG] 2024-06-15 10:30:15.935 [main] PackageRelationshipCollection - Parsing relationship: /xl/worksheets/_rels/sheet12.xml.rels
[DEBUG] 2024-06-15 10:30:15.936 [main] PackageRelationshipCollection - Parsing relationship: /xl/worksheets/_rels/sheet13.xml.rels
[DEBUG] 2024-06-15 10:30:15.937 [main] PackageRelationshipCollection - Parsing relationship: /xl/worksheets/_rels/sheet14.xml.rels
[DEBUG] 2024-06-15 10:30:15.938 [main] PackageRelationshipCollection - Parsing relationship: /xl/worksheets/_rels/sheet15.xml.rels
[DEBUG] 2024-06-15 10:30:15.938 [main] PackageRelationshipCollection - Parsing relationship: /xl/worksheets/_rels/sheet16.xml.rels
[DEBUG] 2024-06-15 10:30:15.939 [main] PackageRelationshipCollection - Parsing relationship: /xl/worksheets/_rels/sheet17.xml.rels
[DEBUG] 2024-06-15 10:30:15.940 [main] PackageRelationshipCollection - Parsing relationship: /xl/worksheets/_rels/sheet18.xml.rels
[DEBUG] 2024-06-15 10:30:15.941 [main] PackageRelationshipCollection - Parsing relationship: /_rels/.rels
[INFO ] 2024-06-15 10:30:19.851 [main] PincodeTest - Entered pincode
[DEBUG] 2024-06-15 10:30:22.622 [main] PackageRelationshipCollection - Parsing relationship: /xl/_rels/workbook.xml.rels
[DEBUG] 2024-06-15 10:30:22.623 [main] PackageRelationshipCollection - Parsing relationship: /xl/worksheets/_rels/sheet2.xml.rels
[DEBUG] 2024-06-15 10:30:22.623 [main] PackageRelationshipCollection - Parsing relationship: /xl/worksheets/_rels/sheet3.xml.rels
[DEBUG] 2024-06-15 10:30:22.625 [main] PackageRelationshipCollection - Parsing relationship: /xl/worksheets/_rels/sheet4.xml.rels
[DEBUG] 2024-06-15 10:30:22.626 [main] PackageRelationshipCollection - Parsing relationship: /xl/worksheets/_rels/sheet5.xml.rels
[DEBUG] 2024-06-15 10:30:22.630 [main] PackageRelationshipCollection - Parsing relationship: /xl/worksheets/_rels/sheet6.xml.rels
[DEBUG] 2024-06-15 10:30:22.631 [main] PackageRelationshipCollection - Parsing relationship: /xl/worksheets/_rels/sheet7.xml.rels
[DEBUG] 2024-06-15 10:30:22.632 [main] PackageRelationshipCollection - Parsing relationship: /xl/worksheets/_rels/sheet8.xml.rels
[DEBUG] 2024-06-15 10:30:22.633 [main] PackageRelationshipCollection - Parsing relationship: /xl/worksheets/_rels/sheet9.xml.rels
[DEBUG] 2024-06-15 10:30:22.633 [main] PackageRelationshipCollection - Parsing relationship: /xl/worksheets/_rels/sheet10.xml.rels
[DEBUG] 2024-06-15 10:30:22.634 [main] PackageRelationshipCollection - Parsing relationship: /xl/worksheets/_rels/sheet11.xml.rels
[DEBUG] 2024-06-15 10:30:22.635 [main] PackageRelationshipCollection - Parsing relationship: /xl/worksheets/_rels/sheet12.xml.rels
[DEBUG] 2024-06-15 10:30:22.636 [main] PackageRelationshipCollection - Parsing relationship: /xl/worksheets/_rels/sheet13.xml.rels
[DEBUG] 2024-06-15 10:30:22.637 [main] PackageRelationshipCollection - Parsing relationship: /xl/worksheets/_rels/sheet14.xml.rels
[DEBUG] 2024-06-15 10:30:22.637 [main] PackageRelationshipCollection - Parsing relationship: /xl/worksheets/_rels/sheet15.xml.rels
[DEBUG] 2024-06-15 10:30:22.638 [main] PackageRelationshipCollection - Parsing relationship: /xl/worksheets/_rels/sheet16.xml.rels
[DEBUG] 2024-06-15 10:30:22.639 [main] PackageRelationshipCollection - Parsing relationship: /xl/worksheets/_rels/sheet17.xml.rels
[DEBUG] 2024-06-15 10:30:22.641 [main] PackageRelationshipCollection - Parsing relationship: /xl/worksheets/_rels/sheet18.xml.rels
[DEBUG] 2024-06-15 10:30:22.643 [main] PackageRelationshipCollection - Parsing relationship: /_rels/.rels
[INFO ] 2024-06-15 10:30:26.480 [main] RatingTest - Clicked rating button
[INFO ] 2024-06-15 10:30:28.604 [main] RatingTest - Clicked Rate Product Button
[DEBUG] 2024-06-15 10:30:34.417 [main] PackageRelationshipCollection - Parsing relationship: /xl/_rels/workbook.xml.rels
[DEBUG] 2024-06-15 10:30:34.419 [main] PackageRelationshipCollection - Parsing relationship: /xl/worksheets/_rels/sheet2.xml.rels
[DEBUG] 2024-06-15 10:30:34.420 [main] PackageRelationshipCollection - Parsing relationship: /xl/worksheets/_rels/sheet3.xml.rels
[DEBUG] 2024-06-15 10:30:34.421 [main] PackageRelationshipCollection - Parsing relationship: /xl/worksheets/_rels/sheet4.xml.rels
[DEBUG] 2024-06-15 10:30:34.424 [main] PackageRelationshipCollection - Parsing relationship: /xl/worksheets/_rels/sheet5.xml.rels
[DEBUG] 2024-06-15 10:30:34.424 [main] PackageRelationshipCollection - Parsing relationship: /xl/worksheets/_rels/sheet6.xml.rels
[DEBUG] 2024-06-15 10:30:34.425 [main] PackageRelationshipCollection - Parsing relationship: /xl/worksheets/_rels/sheet7.xml.rels
[DEBUG] 2024-06-15 10:30:34.426 [main] PackageRelationshipCollection - Parsing relationship: /xl/worksheets/_rels/sheet8.xml.rels
[DEBUG] 2024-06-15 10:30:34.431 [main] PackageRelationshipCollection - Parsing relationship: /xl/worksheets/_rels/sheet9.xml.rels
[DEBUG] 2024-06-15 10:30:34.434 [main] PackageRelationshipCollection - Parsing relationship: /xl/worksheets/_rels/sheet10.xml.rels
[DEBUG] 2024-06-15 10:30:34.436 [main] PackageRelationshipCollection - Parsing relationship: /xl/worksheets/_rels/sheet11.xml.rels
[DEBUG] 2024-06-15 10:30:34.439 [main] PackageRelationshipCollection - Parsing relationship: /xl/worksheets/_rels/sheet12.xml.rels
[DEBUG] 2024-06-15 10:30:34.441 [main] PackageRelationshipCollection - Parsing relationship: /xl/worksheets/_rels/sheet13.xml.rels
[DEBUG] 2024-06-15 10:30:34.444 [main] PackageRelationshipCollection - Parsing relationship: /xl/worksheets/_rels/sheet14.xml.rels
[DEBUG] 2024-06-15 10:30:34.445 [main] PackageRelationshipCollection - Parsing relationship: /xl/worksheets/_rels/sheet15.xml.rels
[DEBUG] 2024-06-15 10:30:34.447 [main] PackageRelationshipCollection - Parsing relationship: /xl/worksheets/_rels/sheet16.xml.rels
[DEBUG] 2024-06-15 10:30:34.452 [main] PackageRelationshipCollection - Parsing relationship: /xl/worksheets/_rels/sheet17.xml.rels
[DEBUG] 2024-06-15 10:30:34.453 [main] PackageRelationshipCollection - Parsing relationship: /xl/worksheets/_rels/sheet18.xml.rels
[DEBUG] 2024-06-15 10:30:34.455 [main] PackageRelationshipCollection - Parsing relationship: /_rels/.rels
[INFO ] 2024-06-15 10:30:41.055 [main] SearchTest - Searched the product
[DEBUG] 2024-06-15 10:30:43.900 [main] PackageRelationshipCollection - Parsing relationship: /xl/_rels/workbook.xml.rels
[DEBUG] 2024-06-15 10:30:43.902 [main] PackageRelationshipCollection - Parsing relationship: /xl/worksheets/_rels/sheet2.xml.rels
[DEBUG] 2024-06-15 10:30:43.904 [main] PackageRelationshipCollection - Parsing relationship: /xl/worksheets/_rels/sheet3.xml.rels
[DEBUG] 2024-06-15 10:30:43.905 [main] PackageRelationshipCollection - Parsing relationship: /xl/worksheets/_rels/sheet4.xml.rels
[DEBUG] 2024-06-15 10:30:43.906 [main] PackageRelationshipCollection - Parsing relationship: /xl/worksheets/_rels/sheet5.xml.rels
[DEBUG] 2024-06-15 10:30:43.906 [main] PackageRelationshipCollection - Parsing relationship: /xl/worksheets/_rels/sheet6.xml.rels
[DEBUG] 2024-06-15 10:30:43.907 [main] PackageRelationshipCollection - Parsing relationship: /xl/worksheets/_rels/sheet7.xml.rels
[DEBUG] 2024-06-15 10:30:43.911 [main] PackageRelationshipCollection - Parsing relationship: /xl/worksheets/_rels/sheet8.xml.rels
[DEBUG] 2024-06-15 10:30:43.915 [main] PackageRelationshipCollection - Parsing relationship: /xl/worksheets/_rels/sheet9.xml.rels
[DEBUG] 2024-06-15 10:30:43.920 [main] PackageRelationshipCollection - Parsing relationship: /xl/worksheets/_rels/sheet10.xml.rels
[DEBUG] 2024-06-15 10:30:43.923 [main] PackageRelationshipCollection - Parsing relationship: /xl/worksheets/_rels/sheet11.xml.rels
[DEBUG] 2024-06-15 10:30:43.924 [main] PackageRelationshipCollection - Parsing relationship: /xl/worksheets/_rels/sheet12.xml.rels
[DEBUG] 2024-06-15 10:30:43.925 [main] PackageRelationshipCollection - Parsing relationship: /xl/worksheets/_rels/sheet13.xml.rels
[DEBUG] 2024-06-15 10:30:43.926 [main] PackageRelationshipCollection - Parsing relationship: /xl/worksheets/_rels/sheet14.xml.rels
[DEBUG] 2024-06-15 10:30:43.927 [main] PackageRelationshipCollection - Parsing relationship: /xl/worksheets/_rels/sheet15.xml.rels
[DEBUG] 2024-06-15 10:30:43.929 [main] PackageRelationshipCollection - Parsing relationship: /xl/worksheets/_rels/sheet16.xml.rels
[DEBUG] 2024-06-15 10:30:43.935 [main] PackageRelationshipCollection - Parsing relationship: /xl/worksheets/_rels/sheet17.xml.rels
[DEBUG] 2024-06-15 10:30:43.937 [main] PackageRelationshipCollection - Parsing relationship: /xl/worksheets/_rels/sheet18.xml.rels
[DEBUG] 2024-06-15 10:30:43.938 [main] PackageRelationshipCollection - Parsing relationship: /_rels/.rels
[INFO ] 2024-06-15 10:30:52.449 [main] SellerTest - Clicked Seller Link
[INFO ] 2024-06-15 10:30:52.684 [main] SellerTest - Navigated to Selling Page
[DEBUG] 2024-06-15 10:30:56.078 [main] PackageRelationshipCollection - Parsing relationship: /xl/_rels/workbook.xml.rels
[DEBUG] 2024-06-15 10:30:56.081 [main] PackageRelationshipCollection - Parsing relationship: /xl/worksheets/_rels/sheet2.xml.rels
[DEBUG] 2024-06-15 10:30:56.082 [main] PackageRelationshipCollection - Parsing relationship: /xl/worksheets/_rels/sheet3.xml.rels
[DEBUG] 2024-06-15 10:30:56.084 [main] PackageRelationshipCollection - Parsing relationship: /xl/worksheets/_rels/sheet4.xml.rels
[DEBUG] 2024-06-15 10:30:56.085 [main] PackageRelationshipCollection - Parsing relationship: /xl/worksheets/_rels/sheet5.xml.rels
[DEBUG] 2024-06-15 10:30:56.086 [main] PackageRelationshipCollection - Parsing relationship: /xl/worksheets/_rels/sheet6.xml.rels
[DEBUG] 2024-06-15 10:30:56.087 [main] PackageRelationshipCollection - Parsing relationship: /xl/worksheets/_rels/sheet7.xml.rels
[DEBUG] 2024-06-15 10:30:56.087 [main] PackageRelationshipCollection - Parsing relationship: /xl/worksheets/_rels/sheet8.xml.rels
[DEBUG] 2024-06-15 10:30:56.088 [main] PackageRelationshipCollection - Parsing relationship: /xl/worksheets/_rels/sheet9.xml.rels
[DEBUG] 2024-06-15 10:30:56.089 [main] PackageRelationshipCollection - Parsing relationship: /xl/worksheets/_rels/sheet10.xml.rels
[DEBUG] 2024-06-15 10:30:56.090 [main] PackageRelationshipCollection - Parsing relationship: /xl/worksheets/_rels/sheet11.xml.rels
[DEBUG] 2024-06-15 10:30:56.090 [main] PackageRelationshipCollection - Parsing relationship: /xl/worksheets/_rels/sheet12.xml.rels
[DEBUG] 2024-06-15 10:30:56.092 [main] PackageRelationshipCollection - Parsing relationship: /xl/worksheets/_rels/sheet13.xml.rels
[DEBUG] 2024-06-15 10:30:56.093 [main] PackageRelationshipCollection - Parsing relationship: /xl/worksheets/_rels/sheet14.xml.rels
[DEBUG] 2024-06-15 10:30:56.094 [main] PackageRelationshipCollection - Parsing relationship: /xl/worksheets/_rels/sheet15.xml.rels
[DEBUG] 2024-06-15 10:30:56.094 [main] PackageRelationshipCollection - Parsing relationship: /xl/worksheets/_rels/sheet16.xml.rels
[DEBUG] 2024-06-15 10:30:56.096 [main] PackageRelationshipCollection - Parsing relationship: /xl/worksheets/_rels/sheet17.xml.rels
[DEBUG] 2024-06-15 10:30:56.098 [main] PackageRelationshipCollection - Parsing relationship: /xl/worksheets/_rels/sheet18.xml.rels
[DEBUG] 2024-06-15 10:30:56.100 [main] PackageRelationshipCollection - Parsing relationship: /_rels/.rels
[INFO ] 2024-06-15 10:31:01.535 [main] ShareTest - Clicked on Share Button
[INFO ] 2024-06-15 10:31:01.841 [main] ShareTest - Selected Email Option
[DEBUG] 2024-06-15 10:31:04.627 [main] PackageRelationshipCollection - Parsing relationship: /xl/_rels/workbook.xml.rels
[DEBUG] 2024-06-15 10:31:04.628 [main] PackageRelationshipCollection - Parsing relationship: /xl/worksheets/_rels/sheet2.xml.rels
[DEBUG] 2024-06-15 10:31:04.630 [main] PackageRelationshipCollection - Parsing relationship: /xl/worksheets/_rels/sheet3.xml.rels
[DEBUG] 2024-06-15 10:31:04.631 [main] PackageRelationshipCollection - Parsing relationship: /xl/worksheets/_rels/sheet4.xml.rels
[DEBUG] 2024-06-15 10:31:04.632 [main] PackageRelationshipCollection - Parsing relationship: /xl/worksheets/_rels/sheet5.xml.rels
[DEBUG] 2024-06-15 10:31:04.633 [main] PackageRelationshipCollection - Parsing relationship: /xl/worksheets/_rels/sheet6.xml.rels
[DEBUG] 2024-06-15 10:31:04.633 [main] PackageRelationshipCollection - Parsing relationship: /xl/worksheets/_rels/sheet7.xml.rels
[DEBUG] 2024-06-15 10:31:04.634 [main] PackageRelationshipCollection - Parsing relationship: /xl/worksheets/_rels/sheet8.xml.rels
[DEBUG] 2024-06-15 10:31:04.635 [main] PackageRelationshipCollection - Parsing relationship: /xl/worksheets/_rels/sheet9.xml.rels
[DEBUG] 2024-06-15 10:31:04.635 [main] PackageRelationshipCollection - Parsing relationship: /xl/worksheets/_rels/sheet10.xml.rels
[DEBUG] 2024-06-15 10:31:04.637 [main] PackageRelationshipCollection - Parsing relationship: /xl/worksheets/_rels/sheet11.xml.rels
[DEBUG] 2024-06-15 10:31:04.637 [main] PackageRelationshipCollection - Parsing relationship: /xl/worksheets/_rels/sheet12.xml.rels
[DEBUG] 2024-06-15 10:31:04.645 [main] PackageRelationshipCollection - Parsing relationship: /xl/worksheets/_rels/sheet13.xml.rels
[DEBUG] 2024-06-15 10:31:04.646 [main] PackageRelationshipCollection - Parsing relationship: /xl/worksheets/_rels/sheet14.xml.rels
[DEBUG] 2024-06-15 10:31:04.652 [main] PackageRelationshipCollection - Parsing relationship: /xl/worksheets/_rels/sheet15.xml.rels
[DEBUG] 2024-06-15 10:31:04.654 [main] PackageRelationshipCollection - Parsing relationship: /xl/worksheets/_rels/sheet16.xml.rels
[DEBUG] 2024-06-15 10:31:04.657 [main] PackageRelationshipCollection - Parsing relationship: /xl/worksheets/_rels/sheet17.xml.rels
[DEBUG] 2024-06-15 10:31:04.657 [main] PackageRelationshipCollection - Parsing relationship: /xl/worksheets/_rels/sheet18.xml.rels
[DEBUG] 2024-06-15 10:31:04.659 [main] PackageRelationshipCollection - Parsing relationship: /_rels/.rels
[INFO ] 2024-06-15 10:31:12.905 [main] SignUpTest - Clicked Login Button
[INFO ] 2024-06-15 10:31:13.134 [main] SignUpTest - Clicked SignUp Link
[INFO ] 2024-06-15 10:31:13.304 [main] SignUpTest - Entered Phone Number
[INFO ] 2024-06-15 10:31:13.425 [main] SignUpTest - Clicked Request OTP button
[DEBUG] 2024-06-15 10:31:16.138 [main] PackageRelationshipCollection - Parsing relationship: /xl/_rels/workbook.xml.rels
[DEBUG] 2024-06-15 10:31:16.139 [main] PackageRelationshipCollection - Parsing relationship: /xl/worksheets/_rels/sheet2.xml.rels
[DEBUG] 2024-06-15 10:31:16.140 [main] PackageRelationshipCollection - Parsing relationship: /xl/worksheets/_rels/sheet3.xml.rels
[DEBUG] 2024-06-15 10:31:16.141 [main] PackageRelationshipCollection - Parsing relationship: /xl/worksheets/_rels/sheet4.xml.rels
[DEBUG] 2024-06-15 10:31:16.142 [main] PackageRelationshipCollection - Parsing relationship: /xl/worksheets/_rels/sheet5.xml.rels
[DEBUG] 2024-06-15 10:31:16.143 [main] PackageRelationshipCollection - Parsing relationship: /xl/worksheets/_rels/sheet6.xml.rels
[DEBUG] 2024-06-15 10:31:16.145 [main] PackageRelationshipCollection - Parsing relationship: /xl/worksheets/_rels/sheet7.xml.rels
[DEBUG] 2024-06-15 10:31:16.146 [main] PackageRelationshipCollection - Parsing relationship: /xl/worksheets/_rels/sheet8.xml.rels
[DEBUG] 2024-06-15 10:31:16.147 [main] PackageRelationshipCollection - Parsing relationship: /xl/worksheets/_rels/sheet9.xml.rels
[DEBUG] 2024-06-15 10:31:16.147 [main] PackageRelationshipCollection - Parsing relationship: /xl/worksheets/_rels/sheet10.xml.rels
[DEBUG] 2024-06-15 10:31:16.149 [main] PackageRelationshipCollection - Parsing relationship: /xl/worksheets/_rels/sheet11.xml.rels
[DEBUG] 2024-06-15 10:31:16.149 [main] PackageRelationshipCollection - Parsing relationship: /xl/worksheets/_rels/sheet12.xml.rels
[DEBUG] 2024-06-15 10:31:16.150 [main] PackageRelationshipCollection - Parsing relationship: /xl/worksheets/_rels/sheet13.xml.rels
[DEBUG] 2024-06-15 10:31:16.156 [main] PackageRelationshipCollection - Parsing relationship: /xl/worksheets/_rels/sheet14.xml.rels
[DEBUG] 2024-06-15 10:31:16.159 [main] PackageRelationshipCollection - Parsing relationship: /xl/worksheets/_rels/sheet15.xml.rels
[DEBUG] 2024-06-15 10:31:16.160 [main] PackageRelationshipCollection - Parsing relationship: /xl/worksheets/_rels/sheet16.xml.rels
[DEBUG] 2024-06-15 10:31:16.161 [main] PackageRelationshipCollection - Parsing relationship: /xl/worksheets/_rels/sheet17.xml.rels
[DEBUG] 2024-06-15 10:31:16.161 [main] PackageRelationshipCollection - Parsing relationship: /xl/worksheets/_rels/sheet18.xml.rels
[DEBUG] 2024-06-15 10:31:16.163 [main] PackageRelationshipCollection - Parsing relationship: /_rels/.rels
[INFO ] 2024-06-15 10:31:19.444 [main] WishlistTest - Clicked on HomePage Banner
[DEBUG] 2024-06-15 10:31:23.488 [main] PackageRelationshipCollection - Parsing relationship: /xl/_rels/workbook.xml.rels
[DEBUG] 2024-06-15 10:31:23.489 [main] PackageRelationshipCollection - Parsing relationship: /xl/worksheets/_rels/sheet2.xml.rels
[DEBUG] 2024-06-15 10:31:23.490 [main] PackageRelationshipCollection - Parsing relationship: /xl/worksheets/_rels/sheet3.xml.rels
[DEBUG] 2024-06-15 10:31:23.490 [main] PackageRelationshipCollection - Parsing relationship: /xl/worksheets/_rels/sheet4.xml.rels
[DEBUG] 2024-06-15 10:31:23.491 [main] PackageRelationshipCollection - Parsing relationship: /xl/worksheets/_rels/sheet5.xml.rels
[DEBUG] 2024-06-15 10:31:23.491 [main] PackageRelationshipCollection - Parsing relationship: /xl/worksheets/_rels/sheet6.xml.rels
[DEBUG] 2024-06-15 10:31:23.492 [main] PackageRelationshipCollection - Parsing relationship: /xl/worksheets/_rels/sheet7.xml.rels
[DEBUG] 2024-06-15 10:31:23.492 [main] PackageRelationshipCollection - Parsing relationship: /xl/worksheets/_rels/sheet8.xml.rels
[DEBUG] 2024-06-15 10:31:23.492 [main] PackageRelationshipCollection - Parsing relationship: /xl/worksheets/_rels/sheet9.xml.rels
[DEBUG] 2024-06-15 10:31:23.493 [main] PackageRelationshipCollection - Parsing relationship: /xl/worksheets/_rels/sheet10.xml.rels
[DEBUG] 2024-06-15 10:31:23.493 [main] PackageRelationshipCollection - Parsing relationship: /xl/worksheets/_rels/sheet11.xml.rels
[DEBUG] 2024-06-15 10:31:23.494 [main] PackageRelationshipCollection - Parsing relationship: /xl/worksheets/_rels/sheet12.xml.rels
[DEBUG] 2024-06-15 10:31:23.494 [main] PackageRelationshipCollection - Parsing relationship: /xl/worksheets/_rels/sheet13.xml.rels
[DEBUG] 2024-06-15 10:31:23.495 [main] PackageRelationshipCollection - Parsing relationship: /xl/worksheets/_rels/sheet14.xml.rels
[DEBUG] 2024-06-15 10:31:23.495 [main] PackageRelationshipCollection - Parsing relationship: /xl/worksheets/_rels/sheet15.xml.rels
[DEBUG] 2024-06-15 10:31:23.496 [main] PackageRelationshipCollection - Parsing relationship: /xl/worksheets/_rels/sheet16.xml.rels
[DEBUG] 2024-06-15 10:31:23.496 [main] PackageRelationshipCollection - Parsing relationship: /xl/worksheets/_rels/sheet17.xml.rels
[DEBUG] 2024-06-15 10:31:23.497 [main] PackageRelationshipCollection - Parsing relationship: /xl/worksheets/_rels/sheet18.xml.rels
[DEBUG] 2024-06-15 10:31:23.497 [main] PackageRelationshipCollection - Parsing relationship: /_rels/.rels
[INFO ] 2024-06-15 10:31:25.265 [main] WishlistTest - Clicked heart button
